<?xml version="1.0" encoding="UTF-8"?>
<!-- Generated by org.testng.reporters.JUnitXMLReporter -->
<testsuite ignored="0" hostname="LPTSEPT12" failures="0" tests="6" name="Surefire test" time="0.038" errors="0" timestamp="2021-07-14T15:50:16 IST">
  <testcase classname="NSDLTraining.CalculatorAPI.TestingSubtractionTestCases" name="TestSubtractionWithPositiveNumbers" time="0.001"/>
  <testcase classname="NSDLTraining.CalculatorAPI.TestingSubtractionTestCases" name="TestSubtractionWith1Positive1NegativeNumbers" time="0.0"/>
  <testcase classname="NSDLTraining.CalculatorAPI.TestMultiplication" name="TestMultiplicationWithPositiveValues" time="0.0"/>
  <testcase classname="NSDLTraining.CalculatorAPI.TestMultiplication" name="TestMultiplicationWithPositiveValues" time="0.0"/>
  <testcase classname="NSDLTraining.CalculatorAPI.TestMultiplication" name="TestMultiplicationWithPositiveValues" time="0.0"/>
  <testcase classname="NSDLTraining.CalculatorAPI.TestMultiplication" name="TestMultiplicationWithPositiveValues" time="0.0"/>
</testsuite> <!-- Surefire test -->
